SF:lib/src/core/common_domains/entities/success.dart
DA:6,4
DA:8,0
DA:9,0
LF:3
LH:1
end_of_record
SF:lib/src/core/common_domains/models/success_model.dart
DA:4,2
LF:1
LH:1
end_of_record
SF:lib/src/vocabulary/domain/core/failures.dart
DA:7,4
LF:1
LH:1
end_of_record
SF:lib/src/vocabulary/domain/entities/get_words_response.dart
DA:10,4
DA:18,1
DA:19,1
DA:20,1
DA:21,1
DA:22,1
DA:23,1
DA:24,1
LF:8
LH:8
end_of_record
SF:lib/src/vocabulary/domain/entities/word.dart
DA:16,3
DA:23,6
DA:25,3
DA:26,18
LF:4
LH:4
end_of_record
SF:lib/src/vocabulary/domain/entities/word_details.dart
DA:26,2
DA:36,1
DA:37,1
DA:38,1
DA:39,1
DA:40,1
DA:41,1
DA:42,1
DA:43,1
DA:44,1
LF:10
LH:10
end_of_record
SF:lib/src/vocabulary/domain/value_objects/word.dart
DA:9,3
DA:10,3
DA:11,9
DA:15,0
DA:17,3
DA:19,3
DA:20,3
DA:21,2
DA:28,3
DA:29,0
DA:38,3
DA:39,3
DA:40,2
DA:46,3
LF:14
LH:12
end_of_record
SF:lib/src/vocabulary/infrastructure/models/get_words_response_model.dart
DA:4,4
DA:12,0
DA:13,0
DA:14,0
DA:15,0
DA:16,0
DA:17,0
DA:18,0
DA:22,1
LF:9
LH:2
end_of_record
SF:lib/src/vocabulary/infrastructure/models/word_details_model.dart
DA:6,2
DA:16,0
DA:17,0
DA:18,0
DA:19,0
DA:20,0
DA:21,0
DA:22,0
DA:23,0
DA:25,0
DA:26,0
DA:30,0
DA:31,0
DA:32,0
DA:33,0
DA:34,0
DA:35,0
DA:36,0
DA:37,0
DA:38,0
DA:42,1
DA:51,1
DA:52,1
DA:53,1
DA:54,1
DA:55,1
DA:56,0
DA:57,1
DA:58,1
DA:62,1
DA:63,1
DA:68,1
LF:32
LH:12
end_of_record
SF:lib/src/vocabulary/infrastructure/models/word_model.dart
DA:5,3
DA:14,1
DA:15,1
DA:16,1
DA:17,2
DA:18,1
DA:19,1
DA:20,1
DA:21,1
DA:25,1
DA:26,1
DA:27,2
DA:28,1
DA:29,1
DA:30,1
DA:31,1
DA:32,1
DA:36,1
DA:44,1
DA:45,1
DA:46,1
DA:47,1
DA:48,1
DA:49,1
DA:50,1
LF:25
LH:25
end_of_record
SF:lib/src/vocabulary/infrastructure/repository/vocabulary_repository.dart
DA:25,1
DA:30,1
DA:36,2
DA:38,1
DA:40,2
DA:42,1
DA:43,2
DA:44,1
DA:46,2
DA:48,1
DA:52,1
DA:57,0
DA:61,1
DA:66,1
DA:67,1
DA:68,2
DA:69,1
DA:70,1
DA:72,1
DA:77,1
DA:84,1
DA:85,1
DA:86,2
DA:88,1
DA:89,1
DA:91,1
DA:96,1
DA:102,1
DA:103,1
DA:104,1
DA:105,2
DA:106,1
DA:107,1
DA:114,1
DA:118,1
DA:119,1
DA:120,1
DA:121,2
DA:122,1
DA:129,1
DA:133,1
DA:134,1
DA:135,1
DA:136,2
DA:137,1
DA:144,1
DA:147,1
DA:148,1
DA:149,1
DA:150,2
DA:151,1
DA:158,1
DA:162,1
DA:163,1
DA:164,1
DA:165,2
DA:166,1
DA:173,1
DA:177,1
DA:178,1
DA:179,1
DA:180,2
DA:181,1
DA:188,1
DA:192,1
DA:193,1
DA:194,1
DA:195,2
DA:196,1
DA:203,1
DA:207,1
DA:208,1
DA:209,1
DA:210,2
DA:211,1
DA:218,1
DA:224,1
DA:225,1
DA:226,1
DA:227,2
DA:228,1
DA:229,1
DA:236,1
DA:242,1
DA:243,1
DA:244,1
DA:245,2
DA:246,1
DA:247,1
DA:254,1
DA:260,1
DA:261,1
DA:262,1
DA:263,2
DA:264,1
DA:265,1
DA:272,1
DA:278,1
DA:279,1
DA:280,1
DA:281,2
DA:282,1
DA:283,1
DA:290,1
DA:294,1
DA:295,1
DA:296,0
DA:297,0
DA:298,0
DA:299,0
DA:300,0
DA:302,1
DA:303,2
DA:305,1
DA:309,1
DA:314,1
DA:315,1
DA:317,1
DA:320,1
DA:323,1
DA:324,2
DA:327,1
DA:332,1
DA:337,1
DA:342,2
DA:346,2
DA:351,2
DA:353,2
DA:354,1
DA:357,1
DA:361,3
DA:363,2
DA:364,2
DA:365,1
DA:366,1
DA:369,1
DA:372,2
DA:379,1
DA:380,1
DA:381,1
DA:382,1
DA:383,1
DA:386,2
DA:389,0
DA:390,0
DA:393,0
DA:394,0
DA:397,0
DA:398,0
LF:149
LH:137
end_of_record
SF:lib/src/vocabulary/infrastructure/repository/wordlists_csv_parsers/csv_parser.dart
DA:10,0
LF:1
LH:0
end_of_record
SF:lib/src/vocabulary/infrastructure/repository/words_lists/base_words_list.dart
DA:11,0
LF:1
LH:0
end_of_record
SF:lib/src/core/errors.dart
DA:6,1
DA:8,0
DA:12,0
LF:3
LH:1
end_of_record
SF:lib/src/core/value_object.dart
DA:11,3
DA:16,3
DA:18,8
DA:21,1
DA:22,2
DA:25,0
DA:26,0
DA:27,0
DA:28,0
DA:32,0
DA:34,0
DA:37,3
DA:40,12
DA:43,1
DA:44,2
DA:46,0
DA:47,0
LF:17
LH:9
end_of_record
SF:lib/src/vocabulary/domain/core/exceptions.dart
DA:8,1
LF:1
LH:1
end_of_record
SF:lib/src/vocabulary/domain/value_objects/limit.dart
DA:11,1
DA:12,1
DA:13,1
DA:17,1
DA:19,1
DA:20,1
DA:21,1
DA:24,1
DA:25,1
DA:28,1
LF:10
LH:10
end_of_record
SF:lib/src/vocabulary/domain/value_objects/offset.dart
DA:9,1
DA:10,1
DA:11,1
DA:15,1
DA:17,1
DA:18,1
DA:19,1
DA:22,1
LF:8
LH:8
end_of_record
SF:lib/src/vocabulary/infrastructure/repository/wordlists_csv_parsers/wordlist_parser.dart
DA:10,0
LF:1
LH:0
end_of_record
SF:lib/src/vocabulary/infrastructure/data_source/isar_local_data_source.dart
DA:23,1
DA:31,1
DA:41,1
DA:45,1
DA:47,3
DA:50,1
DA:53,4
DA:54,4
DA:57,4
DA:59,4
DA:60,1
DA:61,4
DA:64,4
DA:67,3
DA:72,1
DA:77,3
DA:78,1
DA:79,1
DA:80,1
DA:81,1
DA:83,4
DA:86,1
DA:87,2
DA:89,1
DA:91,1
DA:94,3
DA:95,2
DA:100,1
DA:103,6
DA:106,2
DA:109,1
DA:112,1
DA:114,1
DA:115,1
DA:118,1
DA:121,1
DA:127,1
DA:129,4
DA:132,1
DA:134,1
DA:137,1
DA:138,1
DA:140,1
DA:143,4
DA:144,4
DA:145,1
DA:146,2
DA:147,2
DA:155,1
DA:160,3
DA:161,1
DA:162,1
DA:163,1
DA:164,1
DA:165,1
DA:167,4
DA:169,1
DA:171,2
DA:172,2
DA:173,1
DA:174,1
DA:181,1
DA:184,3
DA:185,2
DA:190,1
DA:192,1
DA:195,1
DA:196,1
DA:198,1
DA:201,2
DA:203,2
DA:207,4
DA:208,4
DA:209,1
DA:211,2
DA:219,1
DA:224,1
DA:227,4
DA:228,4
DA:229,1
DA:231,2
DA:240,1
DA:245,5
DA:246,1
DA:248,1
DA:249,1
DA:253,1
DA:254,1
DA:255,1
DA:256,1
DA:258,1
DA:259,2
DA:260,2
DA:261,1
DA:262,1
DA:269,1
DA:272,1
DA:273,2
DA:278,1
DA:280,5
DA:282,2
DA:284,1
DA:285,1
DA:288,4
DA:291,0
DA:293,0
DA:295,0
DA:296,0
DA:298,0
DA:299,0
DA:300,0
DA:303,0
DA:305,0
DA:306,0
DA:309,0
DA:312,1
DA:314,1
DA:317,4
DA:318,4
DA:319,1
DA:321,2
DA:331,1
DA:333,1
DA:336,1
DA:337,1
DA:339,1
DA:342,2
DA:347,4
DA:348,4
DA:349,1
DA:358,1
DA:361,1
DA:364,4
DA:365,4
DA:366,1
DA:376,1
DA:382,5
DA:384,1
DA:386,1
DA:387,1
DA:391,1
DA:392,1
DA:393,1
DA:394,1
DA:396,1
DA:398,2
DA:399,2
DA:400,1
DA:401,1
DA:408,1
DA:411,1
DA:412,2
DA:417,1
DA:423,5
DA:425,1
DA:427,1
DA:428,1
DA:429,1
DA:434,4
DA:436,1
DA:437,4
DA:439,1
DA:440,2
DA:445,1
DA:450,5
DA:452,1
DA:454,1
DA:455,0
DA:459,1
DA:460,1
DA:461,1
DA:462,1
DA:464,1
DA:466,2
DA:467,2
DA:468,1
DA:469,1
DA:476,1
DA:479,1
DA:480,2
DA:485,1
DA:490,5
DA:492,1
DA:494,1
DA:495,1
DA:499,4
DA:501,1
DA:502,4
DA:504,1
DA:505,2
DA:510,1
DA:514,1
DA:516,2
DA:517,1
DA:522,4
DA:528,1
DA:529,1
DA:536,1
DA:539,1
DA:542,5
DA:544,1
DA:546,1
DA:547,0
DA:551,1
DA:552,1
DA:553,1
DA:554,1
DA:556,1
DA:558,2
DA:559,2
DA:560,1
DA:561,1
DA:568,1
DA:571,1
DA:572,2
DA:577,1
DA:578,1
DA:582,3
DA:585,1
DA:589,1
DA:591,1
DA:592,1
DA:593,1
DA:594,1
DA:595,1
DA:596,1
DA:599,1
DA:600,3
DA:601,1
DA:602,1
DA:603,1
DA:606,1
DA:607,1
DA:608,4
LF:234
LH:221
end_of_record
SF:lib/src/vocabulary/infrastructure/models/isar_word_details_model.dart
DA:30,1
DA:41,1
DA:48,2
DA:50,0
DA:51,0
DA:52,0
DA:53,0
DA:54,0
DA:55,0
DA:56,0
DA:57,0
DA:58,0
DA:59,0
DA:63,0
DA:64,0
DA:66,0
DA:67,0
DA:68,0
DA:69,0
DA:70,0
DA:71,0
DA:75,1
DA:84,1
DA:85,1
DA:86,1
DA:87,1
DA:88,1
DA:89,1
DA:90,1
DA:91,1
DA:92,1
LF:31
LH:13
end_of_record
SF:lib/src/vocabulary/infrastructure/models/isar_word_model.dart
DA:21,1
DA:30,1
DA:31,1
DA:32,2
DA:33,1
DA:34,1
DA:35,1
DA:36,1
DA:40,1
DA:41,1
DA:42,1
DA:43,2
DA:44,1
DA:45,1
DA:46,1
DA:47,1
LF:16
LH:16
end_of_record
